<?xml version="1.0" encoding="UTF-8"?>
<!-- Generated by org.testng.reporters.JUnitXMLReporter -->
<testsuite ignored="0" hostname="Dimple-laptop" failures="2" tests="4" name="loginDDT" time="32.737" errors="0" timestamp="2024-03-19T15:11:30 GMT-04:00">
  <testcase classname="testCases.TC_003_LoginDDT" name="verify_loginDDT" time="0.861"/>
  <testcase classname="testCases.TC_003_LoginDDT" name="verify_loginDDT" time="10.549">
    <failure type="java.lang.AssertionError" message="null">
      <![CDATA[java.lang.AssertionError: null
at testCases.TC_003_LoginDDT.verify_loginDDT(TC_003_LoginDDT.java:72)
at java.base/java.util.ArrayList.forEach(ArrayList.java:1596)
... Removed 27 stack frames]]>
    </failure>
  </testcase> <!-- verify_loginDDT -->
  <testcase classname="testCases.TC_003_LoginDDT" name="verify_loginDDT" time="10.508">
    <failure type="java.lang.AssertionError" message="null">
      <![CDATA[java.lang.AssertionError: null
at testCases.TC_003_LoginDDT.verify_loginDDT(TC_003_LoginDDT.java:72)
at java.base/java.util.ArrayList.forEach(ArrayList.java:1596)
... Removed 27 stack frames]]>
    </failure>
  </testcase> <!-- verify_loginDDT -->
  <testcase classname="testCases.TC_003_LoginDDT" name="verify_loginDDT" time="7.121"/>
</testsuite> <!-- loginDDT -->
