<?xml version="1.0" encoding="UTF-8"?>
<!-- Generated by org.testng.reporters.JUnitXMLReporter -->
<testsuite ignored="0" hostname="Dimple-laptop" failures="0" tests="3" name="Test" time="15.234" errors="0" timestamp="2024-03-21T13:28:20 GMT-04:00">
  <testcase classname="testCases.TC_003_LoginDDT" name="verify_loginDDT" time="0.63"/>
  <testcase classname="testCases.TC_003_LoginDDT" name="verify_loginDDT" time="10.347"/>
  <testcase classname="testCases.TC_003_LoginDDT" name="verify_loginDDT" time="0.769"/>
</testsuite> <!-- Test -->
