<?xml version="1.0" encoding="UTF-8"?>
<!-- Generated by org.testng.reporters.JUnitXMLReporter -->
<testsuite ignored="0" hostname="Dimple-laptop" failures="0" tests="3" name="Test" time="15.882" errors="0" timestamp="2024-03-21T14:29:58 GMT-04:00">
  <testcase classname="testCases.TC_003_LoginDDT" name="verify_loginDDT" time="0.607"/>
  <testcase classname="testCases.TC_003_LoginDDT" name="verify_loginDDT" time="10.359"/>
  <testcase classname="testCases.TC_003_LoginDDT" name="verify_loginDDT" time="0.855"/>
</testsuite> <!-- Test -->
