<?xml version="1.0" encoding="UTF-8"?>
<testng-results ignored="0" total="3" passed="3" failed="0" skipped="0">
  <reporter-output>
    <line>
      <![CDATA[Create sigin Onject]]>
    </line>
    <line>
      <![CDATA[USER Clicked on Login button]]>
    </line>
    <line>
      <![CDATA[Create OBJ of verification page]]>
    </line>
    <line>
      <![CDATA[Ending TC_003_LoginDDT]]>
    </line>
    <line>
      <![CDATA[Create sigin Onject]]>
    </line>
    <line>
      <![CDATA[USER Clicked on Login button]]>
    </line>
    <line>
      <![CDATA[Create OBJ of verification page]]>
    </line>
    <line>
      <![CDATA[Ending TC_003_LoginDDT]]>
    </line>
    <line>
      <![CDATA[Create sigin Onject]]>
    </line>
    <line>
      <![CDATA[USER Clicked on Login button]]>
    </line>
    <line>
      <![CDATA[Create OBJ of verification page]]>
    </line>
    <line>
      <![CDATA[Ending TC_003_LoginDDT]]>
    </line>
  </reporter-output>
  <suite started-at="2024-03-21T13:28:05 GMT-04:00" name="Suite" finished-at="2024-03-21T13:28:20 GMT-04:00" duration-ms="15234">
    <groups>
    </groups>
    <test started-at="2024-03-21T13:28:05 GMT-04:00" name="Test" finished-at="2024-03-21T13:28:20 GMT-04:00" duration-ms="15234">
      <class name="testCases.TC_003_LoginDDT">
        <test-method is-config="true" signature="setup(java.lang.String,java.lang.String)[pri:0, instance:testCases.TC_003_LoginDDT@43bc63a3]" started-at="2024-03-21T13:28:05 GMT-04:00" name="setup" finished-at="2024-03-21T13:28:07 GMT-04:00" duration-ms="2639" status="PASS">
          <params>
            <param index="0">
              <value>
                <![CDATA[Windows]]>
              </value>
            </param>
            <param index="1">
              <value>
                <![CDATA[chrome]]>
              </value>
            </param>
          </params>
          <reporter-output>
          </reporter-output>
        </test-method> <!-- setup -->
        <test-method signature="verify_loginDDT(java.lang.String,java.lang.String,java.lang.String)[pri:0, instance:testCases.TC_003_LoginDDT@43bc63a3]" started-at="2024-03-21T13:28:08 GMT-04:00" name="verify_loginDDT" data-provider="LoginData" finished-at="2024-03-21T13:28:09 GMT-04:00" duration-ms="630" status="PASS">
          <params>
            <param index="0">
              <value>
                <![CDATA[ert]]>
              </value>
            </param>
            <param index="1">
              <value>
                <![CDATA[numpy@123]]>
              </value>
            </param>
            <param index="2">
              <value>
                <![CDATA[Invalid]]>
              </value>
            </param>
          </params>
          <reporter-output>
            <line>
              <![CDATA[Create sigin Onject]]>
            </line>
            <line>
              <![CDATA[USER Clicked on Login button]]>
            </line>
            <line>
              <![CDATA[Create OBJ of verification page]]>
            </line>
            <line>
              <![CDATA[Ending TC_003_LoginDDT]]>
            </line>
          </reporter-output>
        </test-method> <!-- verify_loginDDT -->
        <test-method signature="verify_loginDDT(java.lang.String,java.lang.String,java.lang.String)[pri:0, instance:testCases.TC_003_LoginDDT@43bc63a3]" started-at="2024-03-21T13:28:09 GMT-04:00" name="verify_loginDDT" data-provider="LoginData" finished-at="2024-03-21T13:28:19 GMT-04:00" duration-ms="10347" status="PASS">
          <params>
            <param index="0">
              <value>
                <![CDATA[]]>
              </value>
            </param>
            <param index="1">
              <value>
                <![CDATA[numpy@123]]>
              </value>
            </param>
            <param index="2">
              <value>
                <![CDATA[Invalid]]>
              </value>
            </param>
          </params>
          <reporter-output>
            <line>
              <![CDATA[Create sigin Onject]]>
            </line>
            <line>
              <![CDATA[USER Clicked on Login button]]>
            </line>
            <line>
              <![CDATA[Create OBJ of verification page]]>
            </line>
            <line>
              <![CDATA[Ending TC_003_LoginDDT]]>
            </line>
          </reporter-output>
        </test-method> <!-- verify_loginDDT -->
        <test-method signature="verify_loginDDT(java.lang.String,java.lang.String,java.lang.String)[pri:0, instance:testCases.TC_003_LoginDDT@43bc63a3]" started-at="2024-03-21T13:28:19 GMT-04:00" name="verify_loginDDT" data-provider="LoginData" finished-at="2024-03-21T13:28:20 GMT-04:00" duration-ms="769" status="PASS">
          <params>
            <param index="0">
              <value>
                <![CDATA[sdet123]]>
              </value>
            </param>
            <param index="1">
              <value>
                <![CDATA[numpy@123]]>
              </value>
            </param>
            <param index="2">
              <value>
                <![CDATA[Valid]]>
              </value>
            </param>
          </params>
          <reporter-output>
            <line>
              <![CDATA[Create sigin Onject]]>
            </line>
            <line>
              <![CDATA[USER Clicked on Login button]]>
            </line>
            <line>
              <![CDATA[Create OBJ of verification page]]>
            </line>
            <line>
              <![CDATA[Ending TC_003_LoginDDT]]>
            </line>
          </reporter-output>
        </test-method> <!-- verify_loginDDT -->
      </class> <!-- testCases.TC_003_LoginDDT -->
    </test> <!-- Test -->
  </suite> <!-- Suite -->
</testng-results>
